1625717037492	geckodriver	INFO	Listening on 127.0.0.1:62514
1625717038499	mozrunner::runner	INFO	Running command: "C:\\Program Files\\Mozilla Firefox\\firefox.exe" "--marionette" "-foreground" "-no-remote" "-profile" "C:\\Users\\User\\AppData\\Local\\Temp\\rust_mozprofileCRETpa"
1625717039536	Marionette	INFO	Marionette enabled
console.warn: SearchSettings: "get: No settings file exists, new profile?" (new Error("", "(unknown module)"))
1625717042325	Marionette	INFO	Listening on port 62520
1625717042689	Marionette	WARN	TLS certificate errors will be ignored for this session
1625717042706	Marionette	INFO	Stopped listening on port 62520
console.error: services.settings: 
  main/message-groups Signature failed  TypeError: NetworkError when attempting to fetch resource.
console.error: services.settings: 
  main/fxmonitor-breaches Signature failed  TypeError: NetworkError when attempting to fetch resource.

###!!! [Child][RunMessage] Error: Channel closing: too late to send/recv, messages will be lost

1625717107163	geckodriver	INFO	Listening on 127.0.0.1:60826
1625717110211	mozrunner::runner	INFO	Running command: "C:\\Program Files\\Mozilla Firefox\\firefox.exe" "--marionette" "-foreground" "-no-remote" "-profile" "C:\\Users\\User\\AppData\\Local\\Temp\\rust_mozprofileKDwXZe"
1625717110606	Marionette	INFO	Marionette enabled
console.warn: SearchSettings: "get: No settings file exists, new profile?" (new Error("", "(unknown module)"))
1625717112757	Marionette	INFO	Listening on port 62526
1625717112889	Marionette	WARN	TLS certificate errors will be ignored for this session
1625717112910	Marionette	INFO	Stopped listening on port 62526
console.error: Region.jsm: "Error fetching region" (new TypeError("NetworkError when attempting to fetch resource.", ""))
console.error: Region.jsm: "Failed to fetch region" (new Error("NO_RESULT", "resource://gre/modules/Region.jsm", 419))

###!!! [Child][RunMessage] Error: Channel closing: too late to send/recv, messages will be lost

1625717198982	geckodriver	INFO	Listening on 127.0.0.1:61084
1625717199965	mozrunner::runner	INFO	Running command: "C:\\Program Files\\Mozilla Firefox\\firefox.exe" "--marionette" "-foreground" "-no-remote" "-profile" "C:\\Users\\User\\AppData\\Local\\Temp\\rust_mozprofileNFCs9S"
1625717200346	Marionette	INFO	Marionette enabled
console.warn: SearchSettings: "get: No settings file exists, new profile?" (new Error("", "(unknown module)"))
1625717202199	Marionette	INFO	Listening on port 61091
1625717202646	Marionette	WARN	TLS certificate errors will be ignored for this session
1625717214671	Marionette	INFO	Stopped listening on port 61091

###!!! [Child][MessageChannel] Error: (msgtype=0x5B0008,name=PHttpChannel::Msg_RemoveCorsPreflightCacheEntry) Channel closing: too late to send/recv, messages will be lost


###!!! [Child][MessageChannel] Error: (msgtype=0x5B0009,name=PHttpChannel::Msg_DeletingChannel) Channel closing: too late to send/recv, messages will be lost


###!!! [Child][RunMessage] Error: Channel closing: too late to send/recv, messages will be lost

1625717400122	geckodriver	INFO	Listening on 127.0.0.1:64425
1625717401130	mozrunner::runner	INFO	Running command: "C:\\Program Files\\Mozilla Firefox\\firefox.exe" "--marionette" "-foreground" "-no-remote" "-profile" "C:\\Users\\User\\AppData\\Local\\Temp\\rust_mozprofileGYgYcj"
1625717401479	Marionette	INFO	Marionette enabled
console.warn: SearchSettings: "get: No settings file exists, new profile?" (new Error("", "(unknown module)"))
1625717403336	Marionette	INFO	Listening on port 62813
1625717403807	Marionette	WARN	TLS certificate errors will be ignored for this session
JavaScript warning: https://assetscdn-wchat.freshchat.com/static/assets/vendor-24c1eeaffd83e98caaf78005d1c85dff.js, line 6968: unreachable code after return statement
1625717419019	Marionette	INFO	Stopped listening on port 62813

###!!! [Child][RunMessage] Error: Channel closing: too late to send/recv, messages will be lost

1625717420051	geckodriver	INFO	Listening on 127.0.0.1:54846
1625717421054	mozrunner::runner	INFO	Running command: "C:\\Program Files\\Mozilla Firefox\\firefox.exe" "--marionette" "-foreground" "-no-remote" "-profile" "C:\\Users\\User\\AppData\\Local\\Temp\\rust_mozprofileoG9ITV"
1625717421381	Marionette	INFO	Marionette enabled
console.warn: SearchSettings: "get: No settings file exists, new profile?" (new Error("", "(unknown module)"))
1625717423291	Marionette	INFO	Listening on port 56512
1625717423738	Marionette	WARN	TLS certificate errors will be ignored for this session
1625717425476	Marionette	INFO	Stopped listening on port 56512
[Parent 23788, IPC I/O Parent] WARNING: file /builds/worker/checkouts/gecko/ipc/chromium/src/base/process_util_win.cc:167

###!!! [Child][RunMessage] Error: Channel closing: too late to send/recv, messages will be lost

1625717444077	geckodriver	INFO	Listening on 127.0.0.1:57672
1625717445093	mozrunner::runner	INFO	Running command: "C:\\Program Files\\Mozilla Firefox\\firefox.exe" "--marionette" "-foreground" "-no-remote" "-profile" "C:\\Users\\User\\AppData\\Local\\Temp\\rust_mozprofileIHMEBp"
1625717445536	Marionette	INFO	Marionette enabled
console.warn: SearchSettings: "get: No settings file exists, new profile?" (new Error("", "(unknown module)"))
1625717447530	Marionette	INFO	Listening on port 64881
1625717447772	Marionette	WARN	TLS certificate errors will be ignored for this session
JavaScript warning: https://assetscdn-wchat.freshchat.com/static/assets/vendor-24c1eeaffd83e98caaf78005d1c85dff.js, line 6968: unreachable code after return statement
1625717456968	Marionette	INFO	Stopped listening on port 64881

###!!! [Child][RunMessage] Error: Channel closing: too late to send/recv, messages will be lost

1625717457548	geckodriver	INFO	Listening on 127.0.0.1:54532
1625717458551	mozrunner::runner	INFO	Running command: "C:\\Program Files\\Mozilla Firefox\\firefox.exe" "--marionette" "-foreground" "-no-remote" "-profile" "C:\\Users\\User\\AppData\\Local\\Temp\\rust_mozprofilerWoGCe"
1625717458955	Marionette	INFO	Marionette enabled
console.warn: SearchSettings: "get: No settings file exists, new profile?" (new Error("", "(unknown module)"))
1625717460842	Marionette	INFO	Listening on port 54539
1625717461195	Marionette	WARN	TLS certificate errors will be ignored for this session
1625717463491	Marionette	INFO	Stopped listening on port 54539

###!!! [Child][RunMessage] Error: Channel closing: too late to send/recv, messages will be lost

1625717589928	geckodriver	INFO	Listening on 127.0.0.1:50220
1625717590934	mozrunner::runner	INFO	Running command: "C:\\Program Files\\Mozilla Firefox\\firefox.exe" "--marionette" "-foreground" "-no-remote" "-profile" "C:\\Users\\User\\AppData\\Local\\Temp\\rust_mozprofile57R6TX"
1625717591303	Marionette	INFO	Marionette enabled
console.warn: SearchSettings: "get: No settings file exists, new profile?" (new Error("", "(unknown module)"))
1625717593465	Marionette	INFO	Listening on port 56406
1625717593607	Marionette	WARN	TLS certificate errors will be ignored for this session
JavaScript warning: https://assetscdn-wchat.freshchat.com/static/assets/vendor-24c1eeaffd83e98caaf78005d1c85dff.js, line 6968: unreachable code after return statement
JavaScript error: , line 0: uncaught exception: null
1625717605260	Marionette	INFO	Stopped listening on port 56406

###!!! [Child][RunMessage] Error: Channel closing: too late to send/recv, messages will be lost

1625803985621	geckodriver	INFO	Listening on 127.0.0.1:63604
1625803985652	mozrunner::runner	INFO	Running command: "C:\\Program Files\\Mozilla Firefox\\firefox.exe" "--marionette" "-foreground" "-no-remote" "-profile" "C:\\Users\\User\\AppData\\Local\\Temp\\rust_mozprofilelgwdHM"
1625803987085	Marionette	INFO	Marionette enabled
console.warn: SearchSettings: "get: No settings file exists, new profile?" (new Error("", "(unknown module)"))
1625803991233	Marionette	INFO	Listening on port 63609
1625803991379	Marionette	WARN	TLS certificate errors will be ignored for this session
JavaScript warning: http://demo-store.seleniumacademy.com/js/lib/jquery/jquery-1.10.2.min.js, line 2: Using //@ to indicate sourceMappingURL pragmas is deprecated. Use //# instead
1625804002345	Marionette	INFO	Stopped listening on port 63609

###!!! [Child][RunMessage] Error: Channel closing: too late to send/recv, messages will be lost

1625804064150	geckodriver	INFO	Listening on 127.0.0.1:54936
1625804065157	mozrunner::runner	INFO	Running command: "C:\\Program Files\\Mozilla Firefox\\firefox.exe" "--marionette" "-foreground" "-no-remote" "-profile" "C:\\Users\\User\\AppData\\Local\\Temp\\rust_mozprofileMsnvRy"
1625804065782	Marionette	INFO	Marionette enabled
console.warn: SearchSettings: "get: No settings file exists, new profile?" (new Error("", "(unknown module)"))
1625804068986	Marionette	INFO	Listening on port 53853
1625804069332	Marionette	WARN	TLS certificate errors will be ignored for this session
JavaScript warning: http://demo-store.seleniumacademy.com/js/lib/jquery/jquery-1.10.2.min.js, line 2: Using //@ to indicate sourceMappingURL pragmas is deprecated. Use //# instead
1625804083489	Marionette	INFO	Stopped listening on port 53853

###!!! [Child][RunMessage] Error: Channel closing: too late to send/recv, messages will be lost

1625805506497	geckodriver	INFO	Listening on 127.0.0.1:54759
1625805507485	mozrunner::runner	INFO	Running command: "C:\\Program Files\\Mozilla Firefox\\firefox.exe" "--marionette" "-foreground" "-no-remote" "-profile" "C:\\Users\\User\\AppData\\Local\\Temp\\rust_mozprofileES9yeV"
1625805508855	Marionette	INFO	Marionette enabled
console.warn: SearchSettings: "get: No settings file exists, new profile?" (new Error("", "(unknown module)"))
1625805512839	Marionette	INFO	Listening on port 54765
1625805512916	Marionette	WARN	TLS certificate errors will be ignored for this session
JavaScript warning: http://demo-store.seleniumacademy.com/js/lib/jquery/jquery-1.10.2.min.js, line 2: Using //@ to indicate sourceMappingURL pragmas is deprecated. Use //# instead
1625805522621	Marionette	INFO	Stopped listening on port 54765

###!!! [Child][RunMessage] Error: Channel closing: too late to send/recv, messages will be lost

1625805523374	geckodriver	INFO	Listening on 127.0.0.1:65118
1625805524374	mozrunner::runner	INFO	Running command: "C:\\Program Files\\Mozilla Firefox\\firefox.exe" "--marionette" "-foreground" "-no-remote" "-profile" "C:\\Users\\User\\AppData\\Local\\Temp\\rust_mozprofileK0bdIR"
1625805525097	Marionette	INFO	Marionette enabled
console.warn: SearchSettings: "get: No settings file exists, new profile?" (new Error("", "(unknown module)"))
1625805528097	Marionette	INFO	Listening on port 65125
1625805528336	Marionette	WARN	TLS certificate errors will be ignored for this session
JavaScript warning: http://demo-store.seleniumacademy.com/js/lib/jquery/jquery-1.10.2.min.js, line 2: Using //@ to indicate sourceMappingURL pragmas is deprecated. Use //# instead
1625805540302	Marionette	INFO	Stopped listening on port 65125

###!!! [Child][RunMessage] Error: Channel closing: too late to send/recv, messages will be lost

1625805643457	geckodriver	INFO	Listening on 127.0.0.1:64640
1625805644462	mozrunner::runner	INFO	Running command: "C:\\Program Files\\Mozilla Firefox\\firefox.exe" "--marionette" "-foreground" "-no-remote" "-profile" "C:\\Users\\User\\AppData\\Local\\Temp\\rust_mozprofilee1bVV8"
1625805645109	Marionette	INFO	Marionette enabled
console.warn: SearchSettings: "get: No settings file exists, new profile?" (new Error("", "(unknown module)"))
1625805648063	Marionette	INFO	Listening on port 64911
1625805648213	Marionette	WARN	TLS certificate errors will be ignored for this session
JavaScript warning: http://demo-store.seleniumacademy.com/js/lib/jquery/jquery-1.10.2.min.js, line 2: Using //@ to indicate sourceMappingURL pragmas is deprecated. Use //# instead
1625805664199	Marionette	INFO	Stopped listening on port 64911

###!!! [Child][RunMessage] Error: Channel closing: too late to send/recv, messages will be lost

1625805664955	geckodriver	INFO	Listening on 127.0.0.1:54416
1625805665950	mozrunner::runner	INFO	Running command: "C:\\Program Files\\Mozilla Firefox\\firefox.exe" "--marionette" "-foreground" "-no-remote" "-profile" "C:\\Users\\User\\AppData\\Local\\Temp\\rust_mozprofilea2moRx"
1625805666573	Marionette	INFO	Marionette enabled
console.warn: SearchSettings: "get: No settings file exists, new profile?" (new Error("", "(unknown module)"))
1625805669364	Marionette	INFO	Listening on port 53127
1625805669565	Marionette	WARN	TLS certificate errors will be ignored for this session
JavaScript warning: http://demo-store.seleniumacademy.com/js/lib/jquery/jquery-1.10.2.min.js, line 2: Using //@ to indicate sourceMappingURL pragmas is deprecated. Use //# instead
1625805683357	Marionette	INFO	Stopped listening on port 53127

###!!! [Child][RunMessage] Error: Channel closing: too late to send/recv, messages will be lost

1625805684209	geckodriver	INFO	Listening on 127.0.0.1:51297
1625805685209	mozrunner::runner	INFO	Running command: "C:\\Program Files\\Mozilla Firefox\\firefox.exe" "--marionette" "-foreground" "-no-remote" "-profile" "C:\\Users\\User\\AppData\\Local\\Temp\\rust_mozprofileONoiZD"
1625805685856	Marionette	INFO	Marionette enabled
console.warn: SearchSettings: "get: No settings file exists, new profile?" (new Error("", "(unknown module)"))
1625805688641	Marionette	INFO	Listening on port 54953
1625805688901	Marionette	WARN	TLS certificate errors will be ignored for this session
JavaScript warning: http://demo-store.seleniumacademy.com/js/lib/jquery/jquery-1.10.2.min.js, line 2: Using //@ to indicate sourceMappingURL pragmas is deprecated. Use //# instead
1625805702158	Marionette	INFO	Stopped listening on port 54953

###!!! [Child][RunMessage] Error: Channel closing: too late to send/recv, messages will be lost

1625805848978	geckodriver	INFO	Listening on 127.0.0.1:63286
1625805849986	mozrunner::runner	INFO	Running command: "C:\\Program Files\\Mozilla Firefox\\firefox.exe" "--marionette" "-foreground" "-no-remote" "-profile" "C:\\Users\\User\\AppData\\Local\\Temp\\rust_mozprofile0tWv5v"
1625805850635	Marionette	INFO	Marionette enabled
console.warn: SearchSettings: "get: No settings file exists, new profile?" (new Error("", "(unknown module)"))
1625805853795	Marionette	INFO	Listening on port 63293
1625805854224	Marionette	WARN	TLS certificate errors will be ignored for this session
JavaScript warning: http://demo-store.seleniumacademy.com/js/lib/jquery/jquery-1.10.2.min.js, line 2: Using //@ to indicate sourceMappingURL pragmas is deprecated. Use //# instead
1625805866349	Marionette	INFO	Stopped listening on port 63293

###!!! [Child][RunMessage] Error: Channel closing: too late to send/recv, messages will be lost

1625805867249	geckodriver	INFO	Listening on 127.0.0.1:65244
1625805868237	mozrunner::runner	INFO	Running command: "C:\\Program Files\\Mozilla Firefox\\firefox.exe" "--marionette" "-foreground" "-no-remote" "-profile" "C:\\Users\\User\\AppData\\Local\\Temp\\rust_mozprofileFr53ca"
1625805868907	Marionette	INFO	Marionette enabled
console.warn: SearchSettings: "get: No settings file exists, new profile?" (new Error("", "(unknown module)"))
1625805872102	Marionette	INFO	Listening on port 52901
1625805872211	Marionette	WARN	TLS certificate errors will be ignored for this session
JavaScript warning: http://demo-store.seleniumacademy.com/js/lib/jquery/jquery-1.10.2.min.js, line 2: Using //@ to indicate sourceMappingURL pragmas is deprecated. Use //# instead
1625805884346	Marionette	INFO	Stopped listening on port 52901

###!!! [Child][RunMessage] Error: Channel closing: too late to send/recv, messages will be lost

1625805885325	geckodriver	INFO	Listening on 127.0.0.1:55761
1625805886320	mozrunner::runner	INFO	Running command: "C:\\Program Files\\Mozilla Firefox\\firefox.exe" "--marionette" "-foreground" "-no-remote" "-profile" "C:\\Users\\User\\AppData\\Local\\Temp\\rust_mozprofileSLym0H"
1625805887022	Marionette	INFO	Marionette enabled
console.warn: SearchSettings: "get: No settings file exists, new profile?" (new Error("", "(unknown module)"))
1625805890622	Marionette	INFO	Listening on port 61372
1625805890848	Marionette	WARN	TLS certificate errors will be ignored for this session
JavaScript warning: http://demo-store.seleniumacademy.com/js/lib/jquery/jquery-1.10.2.min.js, line 2: Using //@ to indicate sourceMappingURL pragmas is deprecated. Use //# instead
1625805905225	Marionette	INFO	Stopped listening on port 61372

###!!! [Child][RunMessage] Error: Channel closing: too late to send/recv, messages will be lost

1625805906643	geckodriver	INFO	Listening on 127.0.0.1:55462
1625805907640	mozrunner::runner	INFO	Running command: "C:\\Program Files\\Mozilla Firefox\\firefox.exe" "--marionette" "-foreground" "-no-remote" "-profile" "C:\\Users\\User\\AppData\\Local\\Temp\\rust_mozprofilepVdwsc"
1625805908613	Marionette	INFO	Marionette enabled
console.warn: SearchSettings: "get: No settings file exists, new profile?" (new Error("", "(unknown module)"))
1625805912382	Marionette	INFO	Listening on port 59435
1625805912477	Marionette	WARN	TLS certificate errors will be ignored for this session
JavaScript warning: http://demo-store.seleniumacademy.com/js/lib/jquery/jquery-1.10.2.min.js, line 2: Using //@ to indicate sourceMappingURL pragmas is deprecated. Use //# instead
1625805924416	Marionette	INFO	Stopped listening on port 59435

###!!! [Child][RunMessage] Error: Channel closing: too late to send/recv, messages will be lost

1625806175772	geckodriver	INFO	Listening on 127.0.0.1:59187
1625806176778	mozrunner::runner	INFO	Running command: "C:\\Program Files\\Mozilla Firefox\\firefox.exe" "--marionette" "-foreground" "-no-remote" "-profile" "C:\\Users\\User\\AppData\\Local\\Temp\\rust_mozprofileCKMp3R"
1625806177836	Marionette	INFO	Marionette enabled
console.warn: SearchSettings: "get: No settings file exists, new profile?" (new Error("", "(unknown module)"))
1625806181492	Marionette	INFO	Listening on port 50713
1625806181598	Marionette	WARN	TLS certificate errors will be ignored for this session
JavaScript warning: http://demo-store.seleniumacademy.com/js/lib/jquery/jquery-1.10.2.min.js, line 2: Using //@ to indicate sourceMappingURL pragmas is deprecated. Use //# instead
1625806259013	Marionette	INFO	Stopped listening on port 50713

###!!! [Child][RunMessage] Error: Channel closing: too late to send/recv, messages will be lost

1625806259957	geckodriver	INFO	Listening on 127.0.0.1:64952
1625806260954	mozrunner::runner	INFO	Running command: "C:\\Program Files\\Mozilla Firefox\\firefox.exe" "--marionette" "-foreground" "-no-remote" "-profile" "C:\\Users\\User\\AppData\\Local\\Temp\\rust_mozprofile6Y95i9"
1625806261672	Marionette	INFO	Marionette enabled
console.warn: SearchSettings: "get: No settings file exists, new profile?" (new Error("", "(unknown module)"))
1625806264689	Marionette	INFO	Listening on port 59884
1625806265166	Marionette	WARN	TLS certificate errors will be ignored for this session
JavaScript warning: http://demo-store.seleniumacademy.com/js/lib/jquery/jquery-1.10.2.min.js, line 2: Using //@ to indicate sourceMappingURL pragmas is deprecated. Use //# instead
1625806281756	Marionette	INFO	Stopped listening on port 59884

###!!! [Child][RunMessage] Error: Channel closing: too late to send/recv, messages will be lost

1625806282619	geckodriver	INFO	Listening on 127.0.0.1:59423
1625806283623	mozrunner::runner	INFO	Running command: "C:\\Program Files\\Mozilla Firefox\\firefox.exe" "--marionette" "-foreground" "-no-remote" "-profile" "C:\\Users\\User\\AppData\\Local\\Temp\\rust_mozprofileCLAFBK"
1625806284323	Marionette	INFO	Marionette enabled
console.warn: SearchSettings: "get: No settings file exists, new profile?" (new Error("", "(unknown module)"))
1625806287609	Marionette	INFO	Listening on port 63838
1625806287842	Marionette	WARN	TLS certificate errors will be ignored for this session
JavaScript warning: http://demo-store.seleniumacademy.com/js/lib/jquery/jquery-1.10.2.min.js, line 2: Using //@ to indicate sourceMappingURL pragmas is deprecated. Use //# instead
1625806300668	Marionette	INFO	Stopped listening on port 63838

###!!! [Child][RunMessage] Error: Channel closing: too late to send/recv, messages will be lost

1625806301537	geckodriver	INFO	Listening on 127.0.0.1:58882
1625806302535	mozrunner::runner	INFO	Running command: "C:\\Program Files\\Mozilla Firefox\\firefox.exe" "--marionette" "-foreground" "-no-remote" "-profile" "C:\\Users\\User\\AppData\\Local\\Temp\\rust_mozprofileundYVE"
1625806303196	Marionette	INFO	Marionette enabled
console.warn: SearchSettings: "get: No settings file exists, new profile?" (new Error("", "(unknown module)"))
1625806306433	Marionette	INFO	Listening on port 55512
1625806306745	Marionette	WARN	TLS certificate errors will be ignored for this session
JavaScript warning: http://demo-store.seleniumacademy.com/js/lib/jquery/jquery-1.10.2.min.js, line 2: Using //@ to indicate sourceMappingURL pragmas is deprecated. Use //# instead
1625806321161	Marionette	INFO	Stopped listening on port 55512

###!!! [Child][RunMessage] Error: Channel closing: too late to send/recv, messages will be lost

1625806322128	geckodriver	INFO	Listening on 127.0.0.1:59915
1625806323125	mozrunner::runner	INFO	Running command: "C:\\Program Files\\Mozilla Firefox\\firefox.exe" "--marionette" "-foreground" "-no-remote" "-profile" "C:\\Users\\User\\AppData\\Local\\Temp\\rust_mozprofilez8iOgH"
1625806323898	Marionette	INFO	Marionette enabled
console.warn: SearchSettings: "get: No settings file exists, new profile?" (new Error("", "(unknown module)"))
1625806326983	Marionette	INFO	Listening on port 59921
1625806327056	Marionette	WARN	TLS certificate errors will be ignored for this session
JavaScript warning: http://demo-store.seleniumacademy.com/js/lib/jquery/jquery-1.10.2.min.js, line 2: Using //@ to indicate sourceMappingURL pragmas is deprecated. Use //# instead
1625806342528	Marionette	INFO	Stopped listening on port 59921

###!!! [Child][RunMessage] Error: Channel closing: too late to send/recv, messages will be lost

1625806374355	geckodriver	INFO	Listening on 127.0.0.1:52568
1625806375361	mozrunner::runner	INFO	Running command: "C:\\Program Files\\Mozilla Firefox\\firefox.exe" "--marionette" "-foreground" "-no-remote" "-profile" "C:\\Users\\User\\AppData\\Local\\Temp\\rust_mozprofilezGu6jy"
1625806375951	Marionette	INFO	Marionette enabled
console.warn: SearchSettings: "get: No settings file exists, new profile?" (new Error("", "(unknown module)"))
1625806379185	Marionette	INFO	Listening on port 52005
1625806380940	Marionette	INFO	Stopped listening on port 52005

###!!! [Child][RunMessage] Error: Channel closing: too late to send/recv, messages will be lost

1625806403254	geckodriver	INFO	Listening on 127.0.0.1:52987
1625806404262	mozrunner::runner	INFO	Running command: "C:\\Program Files\\Mozilla Firefox\\firefox.exe" "--marionette" "-foreground" "-no-remote" "-profile" "C:\\Users\\User\\AppData\\Local\\Temp\\rust_mozprofileJVIry6"
1625806404849	Marionette	INFO	Marionette enabled
console.warn: SearchSettings: "get: No settings file exists, new profile?" (new Error("", "(unknown module)"))
1625806407725	Marionette	INFO	Listening on port 52993
1625806407958	Marionette	WARN	TLS certificate errors will be ignored for this session
JavaScript warning: http://demo-store.seleniumacademy.com/js/lib/jquery/jquery-1.10.2.min.js, line 2: Using //@ to indicate sourceMappingURL pragmas is deprecated. Use //# instead
1625806420016	Marionette	INFO	Stopped listening on port 52993

###!!! [Child][RunMessage] Error: Channel closing: too late to send/recv, messages will be lost

1625806420852	geckodriver	INFO	Listening on 127.0.0.1:51114
1625806421854	mozrunner::runner	INFO	Running command: "C:\\Program Files\\Mozilla Firefox\\firefox.exe" "--marionette" "-foreground" "-no-remote" "-profile" "C:\\Users\\User\\AppData\\Local\\Temp\\rust_mozprofileLHsHNp"
1625806422406	Marionette	INFO	Marionette enabled
console.warn: SearchSettings: "get: No settings file exists, new profile?" (new Error("", "(unknown module)"))
1625806425239	Marionette	INFO	Listening on port 51122
1625806425580	Marionette	WARN	TLS certificate errors will be ignored for this session
JavaScript warning: http://demo-store.seleniumacademy.com/js/lib/jquery/jquery-1.10.2.min.js, line 2: Using //@ to indicate sourceMappingURL pragmas is deprecated. Use //# instead
1625806438887	Marionette	INFO	Stopped listening on port 51122

###!!! [Child][RunMessage] Error: Channel closing: too late to send/recv, messages will be lost

1625806439616	geckodriver	INFO	Listening on 127.0.0.1:63245
1625806440616	mozrunner::runner	INFO	Running command: "C:\\Program Files\\Mozilla Firefox\\firefox.exe" "--marionette" "-foreground" "-no-remote" "-profile" "C:\\Users\\User\\AppData\\Local\\Temp\\rust_mozprofileWO9Lnw"
1625806441270	Marionette	INFO	Marionette enabled
console.warn: SearchSettings: "get: No settings file exists, new profile?" (new Error("", "(unknown module)"))
1625806444306	Marionette	INFO	Listening on port 55783
1625806444535	Marionette	WARN	TLS certificate errors will be ignored for this session
JavaScript warning: http://demo-store.seleniumacademy.com/js/lib/jquery/jquery-1.10.2.min.js, line 2: Using //@ to indicate sourceMappingURL pragmas is deprecated. Use //# instead
1625806456069	Marionette	INFO	Stopped listening on port 55783

###!!! [Child][RunMessage] Error: Channel closing: too late to send/recv, messages will be lost

1625806456796	geckodriver	INFO	Listening on 127.0.0.1:63657
1625806457798	mozrunner::runner	INFO	Running command: "C:\\Program Files\\Mozilla Firefox\\firefox.exe" "--marionette" "-foreground" "-no-remote" "-profile" "C:\\Users\\User\\AppData\\Local\\Temp\\rust_mozprofilebARjeU"
1625806458424	Marionette	INFO	Marionette enabled
console.warn: SearchSettings: "get: No settings file exists, new profile?" (new Error("", "(unknown module)"))
1625806461304	Marionette	INFO	Listening on port 63664
1625806461519	Marionette	WARN	TLS certificate errors will be ignored for this session
JavaScript warning: http://demo-store.seleniumacademy.com/js/lib/jquery/jquery-1.10.2.min.js, line 2: Using //@ to indicate sourceMappingURL pragmas is deprecated. Use //# instead
1625806470064	Marionette	INFO	Stopped listening on port 63664

###!!! [Child][RunMessage] Error: Channel closing: too late to send/recv, messages will be lost

1625806470896	geckodriver	INFO	Listening on 127.0.0.1:59354
1625806471894	mozrunner::runner	INFO	Running command: "C:\\Program Files\\Mozilla Firefox\\firefox.exe" "--marionette" "-foreground" "-no-remote" "-profile" "C:\\Users\\User\\AppData\\Local\\Temp\\rust_mozprofilewiE52o"
1625806472508	Marionette	INFO	Marionette enabled
console.warn: SearchSettings: "get: No settings file exists, new profile?" (new Error("", "(unknown module)"))
1625806475340	Marionette	INFO	Listening on port 59361
1625806475700	Marionette	WARN	TLS certificate errors will be ignored for this session
JavaScript warning: http://demo-store.seleniumacademy.com/js/lib/jquery/jquery-1.10.2.min.js, line 2: Using //@ to indicate sourceMappingURL pragmas is deprecated. Use //# instead
1625806484164	Marionette	INFO	Stopped listening on port 59361

###!!! [Child][RunMessage] Error: Channel closing: too late to send/recv, messages will be lost

1625806485002	geckodriver	INFO	Listening on 127.0.0.1:62969
1625806486005	mozrunner::runner	INFO	Running command: "C:\\Program Files\\Mozilla Firefox\\firefox.exe" "--marionette" "-foreground" "-no-remote" "-profile" "C:\\Users\\User\\AppData\\Local\\Temp\\rust_mozprofile5nukF4"
1625806486583	Marionette	INFO	Marionette enabled
console.warn: SearchSettings: "get: No settings file exists, new profile?" (new Error("", "(unknown module)"))
1625806489383	Marionette	INFO	Listening on port 55506
1625806489514	Marionette	WARN	TLS certificate errors will be ignored for this session
JavaScript warning: http://demo-store.seleniumacademy.com/js/lib/jquery/jquery-1.10.2.min.js, line 2: Using //@ to indicate sourceMappingURL pragmas is deprecated. Use //# instead
1625806505768	Marionette	INFO	Stopped listening on port 55506

###!!! [Child][RunMessage] Error: Channel closing: too late to send/recv, messages will be lost

1625806689482	geckodriver	INFO	Listening on 127.0.0.1:62735
1625806690500	mozrunner::runner	INFO	Running command: "C:\\Program Files\\Mozilla Firefox\\firefox.exe" "--marionette" "-foreground" "-no-remote" "-profile" "C:\\Users\\User\\AppData\\Local\\Temp\\rust_mozprofilemSyWnk"
1625806691211	Marionette	INFO	Marionette enabled
console.warn: SearchSettings: "get: No settings file exists, new profile?" (new Error("", "(unknown module)"))
1625806694744	Marionette	INFO	Listening on port 58637
1625806694796	Marionette	WARN	TLS certificate errors will be ignored for this session
JavaScript warning: http://demo-store.seleniumacademy.com/js/lib/jquery/jquery-1.10.2.min.js, line 2: Using //@ to indicate sourceMappingURL pragmas is deprecated. Use //# instead
1625806704710	Marionette	INFO	Stopped listening on port 58637

###!!! [Child][RunMessage] Error: Channel closing: too late to send/recv, messages will be lost

1625806705693	geckodriver	INFO	Listening on 127.0.0.1:58011
1625806706695	mozrunner::runner	INFO	Running command: "C:\\Program Files\\Mozilla Firefox\\firefox.exe" "--marionette" "-foreground" "-no-remote" "-profile" "C:\\Users\\User\\AppData\\Local\\Temp\\rust_mozprofileCp0867"
1625806707351	Marionette	INFO	Marionette enabled
console.warn: SearchSettings: "get: No settings file exists, new profile?" (new Error("", "(unknown module)"))
1625806710512	Marionette	INFO	Listening on port 56869
1625806710899	Marionette	WARN	TLS certificate errors will be ignored for this session
JavaScript warning: http://demo-store.seleniumacademy.com/js/lib/jquery/jquery-1.10.2.min.js, line 2: Using //@ to indicate sourceMappingURL pragmas is deprecated. Use //# instead
1625806720210	Marionette	INFO	Stopped listening on port 56869

###!!! [Child][RunMessage] Error: Channel closing: too late to send/recv, messages will be lost

1625806721109	geckodriver	INFO	Listening on 127.0.0.1:56695
1625806722098	mozrunner::runner	INFO	Running command: "C:\\Program Files\\Mozilla Firefox\\firefox.exe" "--marionette" "-foreground" "-no-remote" "-profile" "C:\\Users\\User\\AppData\\Local\\Temp\\rust_mozprofileNRtrA3"
1625806722843	Marionette	INFO	Marionette enabled
console.warn: SearchSettings: "get: No settings file exists, new profile?" (new Error("", "(unknown module)"))
1625806726619	Marionette	INFO	Listening on port 55478
1625806727124	Marionette	WARN	TLS certificate errors will be ignored for this session
JavaScript warning: http://demo-store.seleniumacademy.com/js/lib/jquery/jquery-1.10.2.min.js, line 2: Using //@ to indicate sourceMappingURL pragmas is deprecated. Use //# instead
1625806739857	Marionette	INFO	Stopped listening on port 55478
JavaScript error: resource://gre/modules/UrlClassifierListManager.jsm, line 691: TypeError: this.tablesData[table] is undefined

###!!! [Child][RunMessage] Error: Channel closing: too late to send/recv, messages will be lost

1625806740900	geckodriver	INFO	Listening on 127.0.0.1:50940
1625806741897	mozrunner::runner	INFO	Running command: "C:\\Program Files\\Mozilla Firefox\\firefox.exe" "--marionette" "-foreground" "-no-remote" "-profile" "C:\\Users\\User\\AppData\\Local\\Temp\\rust_mozprofilebHFPV1"
1625806742554	Marionette	INFO	Marionette enabled
console.warn: SearchSettings: "get: No settings file exists, new profile?" (new Error("", "(unknown module)"))
1625806745931	Marionette	INFO	Listening on port 51353
1625806746491	Marionette	WARN	TLS certificate errors will be ignored for this session
JavaScript warning: http://demo-store.seleniumacademy.com/js/lib/jquery/jquery-1.10.2.min.js, line 2: Using //@ to indicate sourceMappingURL pragmas is deprecated. Use //# instead
1625806772813	Marionette	INFO	Stopped listening on port 51353

###!!! [Child][RunMessage] Error: Channel closing: too late to send/recv, messages will be lost

1625806773557	geckodriver	INFO	Listening on 127.0.0.1:56969
1625806774553	mozrunner::runner	INFO	Running command: "C:\\Program Files\\Mozilla Firefox\\firefox.exe" "--marionette" "-foreground" "-no-remote" "-profile" "C:\\Users\\User\\AppData\\Local\\Temp\\rust_mozprofilev64L34"
1625806775491	Marionette	INFO	Marionette enabled
console.warn: SearchSettings: "get: No settings file exists, new profile?" (new Error("", "(unknown module)"))
1625806778725	Marionette	INFO	Listening on port 50103
1625806778856	Marionette	WARN	TLS certificate errors will be ignored for this session
JavaScript warning: http://demo-store.seleniumacademy.com/js/lib/jquery/jquery-1.10.2.min.js, line 2: Using //@ to indicate sourceMappingURL pragmas is deprecated. Use //# instead
1625806792153	Marionette	INFO	Stopped listening on port 50103
1625806792940	geckodriver	INFO	Listening on 127.0.0.1:50864
1625806793934	mozrunner::runner	INFO	Running command: "C:\\Program Files\\Mozilla Firefox\\firefox.exe" "--marionette" "-foreground" "-no-remote" "-profile" "C:\\Users\\User\\AppData\\Local\\Temp\\rust_mozprofiley5fnNb"
1625806794786	Marionette	INFO	Marionette enabled
console.warn: SearchSettings: "get: No settings file exists, new profile?" (new Error("", "(unknown module)"))
1625806797832	Marionette	INFO	Listening on port 54793
1625806797887	Marionette	WARN	TLS certificate errors will be ignored for this session
JavaScript warning: http://demo-store.seleniumacademy.com/js/lib/jquery/jquery-1.10.2.min.js, line 2: Using //@ to indicate sourceMappingURL pragmas is deprecated. Use //# instead
1625806813943	Marionette	INFO	Stopped listening on port 54793

###!!! [Child][RunMessage] Error: Channel closing: too late to send/recv, messages will be lost

1625806814842	geckodriver	INFO	Listening on 127.0.0.1:52545
1625806815843	mozrunner::runner	INFO	Running command: "C:\\Program Files\\Mozilla Firefox\\firefox.exe" "--marionette" "-foreground" "-no-remote" "-profile" "C:\\Users\\User\\AppData\\Local\\Temp\\rust_mozprofile1YRa1V"
1625806816699	Marionette	INFO	Marionette enabled
console.warn: SearchSettings: "get: No settings file exists, new profile?" (new Error("", "(unknown module)"))
1625806819928	Marionette	INFO	Listening on port 61373
1625806820152	Marionette	WARN	TLS certificate errors will be ignored for this session
JavaScript warning: http://demo-store.seleniumacademy.com/js/lib/jquery/jquery-1.10.2.min.js, line 2: Using //@ to indicate sourceMappingURL pragmas is deprecated. Use //# instead
1625806832081	Marionette	INFO	Stopped listening on port 61373

###!!! [Child][RunMessage] Error: Channel closing: too late to send/recv, messages will be lost

